27170:C 27 Feb 2026 01:07:58.645 * oO0OoO0OoO0Oo Redis is starting oO0OoO0OoO0Oo
27170:C 27 Feb 2026 01:07:58.645 * Redis version=8.6.1, bits=64, commit=00000000, modified=1, pid=27170, just started
27170:C 27 Feb 2026 01:07:58.645 * Configuration loaded
27170:M 27 Feb 2026 01:07:58.646 * monotonic clock: ARM CNTVCT @ 24 ticks/us
27170:M 27 Feb 2026 01:07:58.647 * Running mode=standalone, port=6379.
27170:M 27 Feb 2026 01:07:58.647 # WARNING: The TCP backlog setting of 511 cannot be enforced because kern.ipc.somaxconn is set to the lower value of 128.
27170:M 27 Feb 2026 01:07:58.647 * Server initialized
27170:M 27 Feb 2026 01:07:58.648 * Ready to accept connections tcp
27170:M 27 Feb 2026 01:07:58.648 # WARNING: Redis does not require authentication. Redis will accept connections from any local client.
27170:M 27 Feb 2026 01:09:00.887 * User requested shutdown...
27170:M 27 Feb 2026 01:09:00.888 * Saving the final RDB snapshot before exiting.
27170:M 27 Feb 2026 01:09:00.888 * BGSAVE done, 0 keys saved, 0 keys skipped, 88 bytes written.
27170:M 27 Feb 2026 01:09:00.897 * DB saved on disk
27170:M 27 Feb 2026 01:09:00.897 * Removing the pid file.
27170:M 27 Feb 2026 01:09:00.897 # Redis is now ready to exit, bye bye...
27494:C 27 Feb 2026 01:09:01.161 * oO0OoO0OoO0Oo Redis is starting oO0OoO0OoO0Oo
27494:C 27 Feb 2026 01:09:01.161 * Redis version=8.6.1, bits=64, commit=00000000, modified=1, pid=27494, just started
27494:C 27 Feb 2026 01:09:01.161 * Configuration loaded
27494:M 27 Feb 2026 01:09:01.162 * monotonic clock: ARM CNTVCT @ 24 ticks/us
27494:M 27 Feb 2026 01:09:01.162 * Running mode=standalone, port=6379.
27494:M 27 Feb 2026 01:09:01.162 # WARNING: The TCP backlog setting of 511 cannot be enforced because kern.ipc.somaxconn is set to the lower value of 128.
27494:M 27 Feb 2026 01:09:01.162 * Server initialized
27494:M 27 Feb 2026 01:09:01.163 * Loading RDB produced by version 8.6.1
27494:M 27 Feb 2026 01:09:01.163 * RDB age 1 seconds
27494:M 27 Feb 2026 01:09:01.163 * RDB memory usage when created 0.97 Mb
27494:M 27 Feb 2026 01:09:01.163 * Done loading RDB, keys loaded: 0, keys expired: 0.
27494:M 27 Feb 2026 01:09:01.163 * DB loaded from disk: 0.000 seconds
27494:M 27 Feb 2026 01:09:01.163 * Ready to accept connections tcp
27494:M 27 Feb 2026 01:09:01.163 # WARNING: Redis does not require authentication. Redis will accept connections from any local client.
27494:M 27 Feb 2026 02:09:02.028 * 1 changes in 3600 seconds. Saving...
27494:M 27 Feb 2026 02:09:02.031 * Background saving started by pid 32912
32912:C 27 Feb 2026 02:09:02.032 * BGSAVE done, 0 keys saved, 0 keys skipped, 88 bytes written.
32912:C 27 Feb 2026 02:09:02.037 * DB saved on disk
32912:C 27 Feb 2026 02:09:02.038 * Fork CoW for RDB: current 0 MB, peak 0 MB, average 0 MB
27494:M 27 Feb 2026 02:09:02.134 * Background saving terminated with success
27494:signal-handler (1772177589) Received SIGTERM scheduling shutdown...
50887:C 05 Mar 2026 12:17:13.528 * oO0OoO0OoO0Oo Redis is starting oO0OoO0OoO0Oo
50887:C 05 Mar 2026 12:17:13.529 * Redis version=8.6.1, bits=64, commit=00000000, modified=1, pid=50887, just started
50887:C 05 Mar 2026 12:17:13.529 * Configuration loaded
50887:M 05 Mar 2026 12:17:13.530 * monotonic clock: ARM CNTVCT @ 24 ticks/us
50887:M 05 Mar 2026 12:17:13.531 * Running mode=standalone, port=6379.
50887:M 05 Mar 2026 12:17:13.532 # WARNING: The TCP backlog setting of 511 cannot be enforced because kern.ipc.somaxconn is set to the lower value of 128.
50887:M 05 Mar 2026 12:17:13.535 * Server initialized
50887:M 05 Mar 2026 12:17:13.536 * Loading RDB produced by version 8.6.1
50887:M 05 Mar 2026 12:17:13.536 * RDB age 554891 seconds
50887:M 05 Mar 2026 12:17:13.536 * RDB memory usage when created 0.93 Mb
50887:M 05 Mar 2026 12:17:13.536 * Done loading RDB, keys loaded: 0, keys expired: 0.
50887:M 05 Mar 2026 12:17:13.537 * DB loaded from disk: 0.001 seconds
50887:M 05 Mar 2026 12:17:13.537 * Ready to accept connections tcp
50887:M 05 Mar 2026 12:17:13.537 # WARNING: Redis does not require authentication. Redis will accept connections from any local client.
50887:M 05 Mar 2026 12:19:42.191 * User requested shutdown...
50887:M 05 Mar 2026 12:19:42.192 * Saving the final RDB snapshot before exiting.
50887:M 05 Mar 2026 12:19:42.193 * BGSAVE done, 0 keys saved, 0 keys skipped, 88 bytes written.
50887:M 05 Mar 2026 12:19:42.464 * DB saved on disk
50887:M 05 Mar 2026 12:19:42.465 * Removing the pid file.
50887:M 05 Mar 2026 12:19:42.465 # Redis is now ready to exit, bye bye...
51308:C 05 Mar 2026 12:19:43.990 * oO0OoO0OoO0Oo Redis is starting oO0OoO0OoO0Oo
51308:C 05 Mar 2026 12:19:43.990 * Redis version=8.6.1, bits=64, commit=00000000, modified=1, pid=51308, just started
51308:C 05 Mar 2026 12:19:43.990 * Configuration loaded
51308:M 05 Mar 2026 12:19:43.991 * monotonic clock: ARM CNTVCT @ 24 ticks/us
51308:M 05 Mar 2026 12:19:43.995 * Running mode=standalone, port=6379.
51308:M 05 Mar 2026 12:19:43.995 # WARNING: The TCP backlog setting of 511 cannot be enforced because kern.ipc.somaxconn is set to the lower value of 128.
51308:M 05 Mar 2026 12:19:43.995 * Server initialized
51308:M 05 Mar 2026 12:19:43.996 * Loading RDB produced by version 8.6.1
51308:M 05 Mar 2026 12:19:43.997 * RDB age 1 seconds
51308:M 05 Mar 2026 12:19:43.997 * RDB memory usage when created 0.85 Mb
51308:M 05 Mar 2026 12:19:43.997 * Done loading RDB, keys loaded: 0, keys expired: 0.
51308:M 05 Mar 2026 12:19:43.997 * DB loaded from disk: 0.002 seconds
51308:M 05 Mar 2026 12:19:43.997 * Ready to accept connections tcp
51308:M 05 Mar 2026 12:19:43.997 # WARNING: Redis does not require authentication. Redis will accept connections from any local client.
51308:M 05 Mar 2026 12:22:29.104 * User requested shutdown...
51308:M 05 Mar 2026 12:22:29.104 * Saving the final RDB snapshot before exiting.
51308:M 05 Mar 2026 12:22:29.105 * BGSAVE done, 0 keys saved, 0 keys skipped, 88 bytes written.
51308:M 05 Mar 2026 12:22:29.113 * DB saved on disk
51308:M 05 Mar 2026 12:22:29.115 * Removing the pid file.
51308:M 05 Mar 2026 12:22:29.115 # Redis is now ready to exit, bye bye...
89801:C 09 Mar 2026 11:10:32.591 * oO0OoO0OoO0Oo Redis is starting oO0OoO0OoO0Oo
89801:C 09 Mar 2026 11:10:32.594 * Redis version=8.6.1, bits=64, commit=00000000, modified=1, pid=89801, just started
89801:C 09 Mar 2026 11:10:32.594 * Configuration loaded
89801:M 09 Mar 2026 11:10:32.595 * monotonic clock: ARM CNTVCT @ 24 ticks/us
89801:M 09 Mar 2026 11:10:32.596 * Running mode=standalone, port=6379.
89801:M 09 Mar 2026 11:10:32.597 # WARNING: The TCP backlog setting of 511 cannot be enforced because kern.ipc.somaxconn is set to the lower value of 128.
89801:M 09 Mar 2026 11:10:32.597 * Server initialized
89801:M 09 Mar 2026 11:10:32.598 * Loading RDB produced by version 8.6.1
89801:M 09 Mar 2026 11:10:32.599 * RDB age 341283 seconds
89801:M 09 Mar 2026 11:10:32.599 * RDB memory usage when created 0.85 Mb
89801:M 09 Mar 2026 11:10:32.599 * Done loading RDB, keys loaded: 0, keys expired: 0.
89801:M 09 Mar 2026 11:10:32.600 * DB loaded from disk: 0.002 seconds
89801:M 09 Mar 2026 11:10:32.602 * Ready to accept connections tcp
89801:M 09 Mar 2026 11:10:32.602 # WARNING: Redis does not require authentication. Redis will accept connections from any local client.
98903:C 15 Mar 2026 20:28:12.838 * oO0OoO0OoO0Oo Redis is starting oO0OoO0OoO0Oo
98903:C 15 Mar 2026 20:28:12.838 * Redis version=8.6.1, bits=64, commit=00000000, modified=1, pid=98903, just started
98903:C 15 Mar 2026 20:28:12.838 * Configuration loaded
98903:M 15 Mar 2026 20:28:12.838 * monotonic clock: ARM CNTVCT @ 24 ticks/us
98903:M 15 Mar 2026 20:28:12.840 * Running mode=standalone, port=6379.
98903:M 15 Mar 2026 20:28:12.840 # WARNING: The TCP backlog setting of 511 cannot be enforced because kern.ipc.somaxconn is set to the lower value of 128.
98903:M 15 Mar 2026 20:28:12.841 * Server initialized
98903:M 15 Mar 2026 20:28:12.841 * Loading RDB produced by version 8.6.1
98903:M 15 Mar 2026 20:28:12.842 * RDB age 893143 seconds
98903:M 15 Mar 2026 20:28:12.842 * RDB memory usage when created 0.85 Mb
98903:M 15 Mar 2026 20:28:12.842 * Done loading RDB, keys loaded: 0, keys expired: 0.
98903:M 15 Mar 2026 20:28:12.842 * DB loaded from disk: 0.001 seconds
98903:M 15 Mar 2026 20:28:12.842 * Ready to accept connections tcp
98903:M 15 Mar 2026 20:28:12.842 # WARNING: Redis does not require authentication. Redis will accept connections from any local client.
98903:M 15 Mar 2026 20:29:44.643 * User requested shutdown...
98903:M 15 Mar 2026 20:29:44.645 * Saving the final RDB snapshot before exiting.
98903:M 15 Mar 2026 20:29:44.646 * BGSAVE done, 0 keys saved, 0 keys skipped, 88 bytes written.
98903:M 15 Mar 2026 20:29:44.720 * DB saved on disk
98903:M 15 Mar 2026 20:29:44.720 * Removing the pid file.
98903:M 15 Mar 2026 20:29:44.720 # Redis is now ready to exit, bye bye...
7514:C 16 Mar 2026 10:47:07.965 * oO0OoO0OoO0Oo Redis is starting oO0OoO0OoO0Oo
7514:C 16 Mar 2026 10:47:07.966 * Redis version=8.6.1, bits=64, commit=00000000, modified=1, pid=7514, just started
7514:C 16 Mar 2026 10:47:07.966 * Configuration loaded
7514:M 16 Mar 2026 10:47:07.967 * monotonic clock: ARM CNTVCT @ 24 ticks/us
7514:M 16 Mar 2026 10:47:07.968 * Running mode=standalone, port=6379.
7514:M 16 Mar 2026 10:47:07.968 # WARNING: The TCP backlog setting of 511 cannot be enforced because kern.ipc.somaxconn is set to the lower value of 128.
7514:M 16 Mar 2026 10:47:07.969 * Server initialized
7514:M 16 Mar 2026 10:47:07.970 * Loading RDB produced by version 8.6.1
7514:M 16 Mar 2026 10:47:07.970 * RDB age 51443 seconds
7514:M 16 Mar 2026 10:47:07.970 * RDB memory usage when created 0.85 Mb
7514:M 16 Mar 2026 10:47:07.970 * Done loading RDB, keys loaded: 0, keys expired: 0.
7514:M 16 Mar 2026 10:47:07.970 * DB loaded from disk: 0.001 seconds
7514:M 16 Mar 2026 10:47:07.970 * Ready to accept connections tcp
7514:M 16 Mar 2026 10:47:07.970 # WARNING: Redis does not require authentication. Redis will accept connections from any local client.
